TN:
SF:app\actions.ts
FN:11,(anonymous_4)
FN:28,(anonymous_5)
FN:34,(anonymous_6)
FN:51,(anonymous_7)
FNF:4
FNH:0
FNDA:0,(anonymous_4)
FNDA:0,(anonymous_5)
FNDA:0,(anonymous_6)
FNDA:0,(anonymous_7)
DA:3,0
DA:4,0
DA:5,0
DA:11,0
DA:12,0
DA:13,0
DA:14,0
DA:16,0
DA:21,0
DA:22,0
DA:25,0
DA:28,0
DA:29,0
DA:30,0
DA:31,0
DA:34,0
DA:35,0
DA:40,0
DA:42,0
DA:43,0
DA:50,0
DA:51,0
DA:52,0
DA:55,0
DA:57,0
DA:66,0
DA:68,0
DA:69,0
DA:72,0
LF:29
LH:0
BRDA:21,0,0,0
BRDA:42,1,0,0
BRDA:42,2,0,0
BRDA:42,2,1,0
BRDA:68,3,0,0
BRF:5
BRH:0
end_of_record
TN:
SF:app\layout.tsx
FN:20,RootLayout
FNF:1
FNH:0
FNDA:0,RootLayout
DA:1,0
DA:2,0
DA:3,0
DA:5,0
DA:9,0
DA:15,0
DA:20,0
LF:7
LH:0
BRDA:5,0,0,0
BRDA:5,0,1,0
BRF:2
BRH:0
end_of_record
TN:
SF:app\page.tsx
FN:3,Home
FNF:1
FNH:1
FNDA:6,Home
DA:1,1
DA:3,6
LF:2
LH:2
BRF:0
BRH:0
end_of_record
TN:
SF:app\(auth-pages)\layout.tsx
FN:1,Layout
FNF:1
FNH:0
FNDA:0,Layout
DA:1,0
LF:1
LH:0
BRF:0
BRH:0
end_of_record
TN:
SF:app\(auth-pages)\sign-in\page.tsx
FN:7,Login
FNF:1
FNH:1
FNDA:6,Login
DA:1,1
DA:2,1
DA:3,1
DA:4,1
DA:5,1
DA:7,6
DA:8,6
LF:7
LH:7
BRF:0
BRH:0
end_of_record
TN:
SF:app\(auth-pages)\sign-up\page.tsx
FN:8,Signup
FN:62,(anonymous_3)
FNF:2
FNH:1
FNDA:4,Signup
FNDA:0,(anonymous_3)
DA:1,1
DA:2,1
DA:3,1
DA:4,1
DA:8,4
DA:11,4
DA:13,4
DA:40,4
DA:63,0
LF:9
LH:8
BRDA:40,0,0,4
BRF:1
BRH:1
end_of_record
TN:
SF:app\account\page.tsx
FN:6,ProtectedPage
FNF:1
FNH:0
FNDA:0,ProtectedPage
DA:1,0
DA:2,0
DA:3,0
DA:4,0
DA:6,0
DA:7,0
DA:11,0
DA:13,0
DA:14,0
DA:17,0
DA:22,0
DA:24,0
DA:30,0
DA:31,0
DA:44,0
LF:15
LH:0
BRDA:13,0,0,0
BRDA:30,1,0,0
BRDA:67,2,0,0
BRF:3
BRH:0
end_of_record
TN:
SF:app\auth\callback\route.ts
FN:4,GET
FNF:1
FNH:0
FNDA:0,GET
DA:1,0
DA:2,0
DA:4,0
DA:8,0
DA:9,0
DA:10,0
DA:11,0
DA:13,0
DA:14,0
DA:15,0
DA:18,0
DA:19,0
DA:23,0
LF:13
LH:0
BRDA:13,0,0,0
BRDA:18,1,0,0
BRF:2
BRH:0
end_of_record
TN:
SF:app\data\Members\members.ts
FNF:0
FNH:0
DA:1,1
DA:34,8
LF:2
LH:2
BRF:0
BRH:0
end_of_record
TN:
SF:app\data\weather\weatherIcons.ts
FNF:0
FNH:0
DA:26,0
DA:28,0
DA:219,0
LF:3
LH:0
BRF:0
BRH:0
end_of_record
TN:
SF:app\explore\page.tsx
FN:34,ExplorePage
FN:54,(anonymous_5)
FN:63,(anonymous_6)
FN:68,(anonymous_7)
FN:81,(anonymous_8)
FN:103,(anonymous_9)
FN:105,(anonymous_10)
FN:113,(anonymous_11)
FN:114,(anonymous_12)
FN:117,(anonymous_13)
FN:120,(anonymous_14)
FN:132,(anonymous_15)
FN:138,(anonymous_16)
FN:142,(anonymous_17)
FN:151,(anonymous_18)
FN:162,(anonymous_19)
FN:167,(anonymous_20)
FN:171,(anonymous_21)
FN:177,(anonymous_22)
FN:180,(anonymous_23)
FN:210,(anonymous_24)
FN:219,(anonymous_25)
FN:225,(anonymous_26)
FN:232,(anonymous_27)
FN:237,(anonymous_28)
FN:238,(anonymous_29)
FN:276,(anonymous_30)
FN:281,(anonymous_31)
FN:291,(anonymous_32)
FN:309,(anonymous_33)
FN:311,(anonymous_34)
FN:333,(anonymous_35)
FN:348,(anonymous_36)
FN:354,(anonymous_37)
FN:358,(anonymous_38)
FN:360,(anonymous_39)
FNF:36
FNH:6
FNDA:7,ExplorePage
FNDA:0,(anonymous_5)
FNDA:0,(anonymous_6)
FNDA:5,(anonymous_7)
FNDA:0,(anonymous_8)
FNDA:0,(anonymous_9)
FNDA:0,(anonymous_10)
FNDA:0,(anonymous_11)
FNDA:0,(anonymous_12)
FNDA:0,(anonymous_13)
FNDA:0,(anonymous_14)
FNDA:0,(anonymous_15)
FNDA:0,(anonymous_16)
FNDA:0,(anonymous_17)
FNDA:0,(anonymous_18)
FNDA:0,(anonymous_19)
FNDA:0,(anonymous_20)
FNDA:0,(anonymous_21)
FNDA:1,(anonymous_22)
FNDA:1,(anonymous_23)
FNDA:0,(anonymous_24)
FNDA:0,(anonymous_25)
FNDA:0,(anonymous_26)
FNDA:0,(anonymous_27)
FNDA:7,(anonymous_28)
FNDA:7,(anonymous_29)
FNDA:0,(anonymous_30)
FNDA:0,(anonymous_31)
FNDA:0,(anonymous_32)
FNDA:0,(anonymous_33)
FNDA:0,(anonymous_34)
FNDA:0,(anonymous_35)
FNDA:0,(anonymous_36)
FNDA:0,(anonymous_37)
FNDA:0,(anonymous_38)
FNDA:0,(anonymous_39)
DA:3,1
DA:10,1
DA:13,1
DA:34,6
DA:35,7
DA:36,7
DA:37,7
DA:39,7
DA:41,7
DA:42,7
DA:45,7
DA:46,7
DA:51,7
DA:52,7
DA:54,7
DA:55,0
DA:56,0
DA:57,0
DA:63,7
DA:64,0
DA:68,7
DA:69,5
DA:70,0
DA:72,0
DA:82,0
DA:87,0
DA:96,0
DA:103,7
DA:104,0
DA:106,0
DA:113,7
DA:114,0
DA:115,0
DA:117,0
DA:118,0
DA:119,0
DA:120,0
DA:125,0
DA:133,0
DA:134,0
DA:135,0
DA:136,0
DA:138,0
DA:142,0
DA:151,7
DA:152,0
DA:153,0
DA:154,0
DA:155,0
DA:156,0
DA:157,0
DA:162,7
DA:164,0
DA:167,0
DA:168,0
DA:171,0
DA:172,0
DA:177,7
DA:178,1
DA:179,1
DA:181,1
DA:185,1
DA:188,1
DA:189,1
DA:192,1
DA:193,0
DA:195,1
DA:205,1
DA:209,1
DA:211,0
DA:215,0
DA:216,0
DA:217,0
DA:220,0
DA:223,1
DA:226,0
DA:232,7
DA:233,0
DA:234,0
DA:237,7
DA:238,7
DA:239,7
DA:240,1
DA:277,0
DA:281,0
DA:291,0
DA:310,0
DA:311,0
DA:333,0
DA:349,0
DA:354,0
DA:359,0
DA:360,0
LF:93
LH:39
BRDA:58,0,0,0
BRDA:58,0,1,0
BRDA:59,1,0,0
BRDA:59,1,1,0
BRDA:69,2,0,0
BRDA:69,3,0,5
BRDA:69,3,1,0
BRDA:82,4,0,0
BRDA:83,5,0,0
BRDA:83,5,1,0
BRDA:83,5,2,0
BRDA:93,6,0,0
BRDA:93,6,1,0
BRDA:106,7,0,0
BRDA:106,7,1,0
BRDA:114,8,0,0
BRDA:114,9,0,0
BRDA:114,9,1,0
BRDA:133,10,0,0
BRDA:133,11,0,0
BRDA:133,11,1,0
BRDA:155,12,0,0
BRDA:178,13,0,1
BRDA:192,14,0,0
BRDA:192,14,1,1
BRDA:239,15,0,1
BRDA:266,16,0,7
BRDA:283,17,0,0
BRDA:283,17,1,0
BRDA:288,18,0,0
BRDA:295,19,0,0
BRDA:295,19,1,0
BRDA:297,20,0,0
BRDA:302,21,0,0
BRDA:323,22,0,7
BRDA:337,23,0,7
BRDA:352,24,0,0
BRDA:352,24,1,0
BRF:38
BRH:7
end_of_record
TN:
SF:app\my-trips\page.tsx
FN:6,Trips
FN:42,(anonymous_3)
FNF:2
FNH:0
FNDA:0,Trips
FNDA:0,(anonymous_3)
DA:1,0
DA:2,0
DA:3,0
DA:4,0
DA:6,0
DA:7,0
DA:11,0
DA:13,0
DA:14,0
DA:17,0
DA:22,0
DA:23,0
DA:36,0
DA:43,0
LF:14
LH:0
BRDA:13,0,0,0
BRDA:22,1,0,0
BRDA:36,2,0,0
BRDA:36,3,0,0
BRDA:36,3,1,0
BRF:5
BRH:0
end_of_record
TN:
SF:app\my-trips\trip.tsx
FN:1,addOneDay
FN:19,Trip
FNF:2
FNH:0
FNDA:0,addOneDay
FNDA:0,Trip
DA:2,0
DA:3,0
DA:4,0
DA:19,0
DA:26,0
DA:27,0
LF:6
LH:0
BRF:0
BRH:0
end_of_record
TN:
SF:app\trip-planner\page.tsx
FN:18,Login
FN:25,(anonymous_2)
FNF:2
FNH:0
FNDA:0,Login
FNDA:0,(anonymous_2)
DA:1,0
DA:2,0
DA:3,0
DA:5,0
DA:18,0
DA:26,0
LF:6
LH:0
BRF:0
BRH:0
end_of_record
TN:
SF:components\form-message.tsx
FN:6,FormMessage
FNF:1
FNH:0
FNDA:0,FormMessage
DA:6,0
LF:1
LH:0
BRDA:9,0,0,0
BRDA:14,1,0,0
BRDA:19,2,0,0
BRF:3
BRH:0
end_of_record
TN:
SF:components\landing.tsx
FN:6,(anonymous_2)
FN:47,(anonymous_3)
FNF:2
FNH:2
FNDA:6,(anonymous_2)
FNDA:36,(anonymous_3)
DA:2,1
DA:3,1
DA:4,1
DA:6,1
DA:48,36
DA:94,6
LF:6
LH:6
BRF:0
BRH:0
end_of_record
TN:
SF:components\navbar.tsx
FN:6,(anonymous_2)
FNF:1
FNH:1
FNDA:5,(anonymous_2)
DA:1,1
DA:2,1
DA:3,1
DA:4,1
DA:6,1
DA:7,5
DA:11,5
DA:13,5
DA:96,5
LF:9
LH:9
BRDA:13,0,0,0
BRDA:21,1,0,3
BRF:2
BRH:1
end_of_record
TN:
SF:components\submit-button.tsx
FN:11,SubmitButton
FNF:1
FNH:0
FNDA:0,SubmitButton
DA:3,0
DA:5,0
DA:11,0
DA:16,0
LF:4
LH:0
BRDA:13,0,0,0
BRDA:20,1,0,0
BRDA:20,1,1,0
BRF:3
BRH:0
end_of_record
TN:
SF:components\ui\button.tsx
FN:43,(anonymous_6)
FNF:1
FNH:0
FNDA:0,(anonymous_6)
DA:1,0
DA:2,0
DA:3,0
DA:5,0
DA:7,0
DA:42,0
DA:44,0
DA:54,0
DA:56,0
LF:9
LH:0
BRDA:43,0,0,0
BRDA:44,1,0,0
BRDA:44,1,1,0
BRF:3
BRH:0
end_of_record
TN:
SF:components\ui\label.tsx
FNF:0
FNH:0
DA:3,2
DA:4,2
DA:5,2
DA:7,2
DA:9,2
DA:24,2
DA:26,12
LF:7
LH:7
BRF:0
BRH:0
end_of_record
TN:
SF:utils\utils.ts
FN:10,encodedRedirect
FNF:1
FNH:0
FNDA:0,encodedRedirect
DA:1,0
DA:10,0
DA:15,0
LF:3
LH:0
BRF:0
BRH:0
end_of_record
TN:
SF:utils\supabase\check-env-vars.ts
FNF:0
FNH:0
DA:4,0
DA:5,0
LF:2
LH:0
BRDA:5,0,0,0
BRDA:5,0,1,0
BRF:2
BRH:0
end_of_record
TN:
SF:utils\supabase\client.ts
FN:3,(anonymous_1)
FNF:1
FNH:0
FNDA:0,(anonymous_1)
DA:1,0
DA:3,0
DA:4,0
LF:3
LH:0
BRF:0
BRH:0
end_of_record
TN:
SF:utils\supabase\middleware.ts
FN:4,(anonymous_1)
FN:20,(anonymous_2)
FN:23,(anonymous_3)
FN:24,(anonymous_4)
FN:30,(anonymous_5)
FNF:5
FNH:0
FNDA:0,(anonymous_1)
FNDA:0,(anonymous_2)
FNDA:0,(anonymous_3)
FNDA:0,(anonymous_4)
FNDA:0,(anonymous_5)
DA:1,0
DA:2,0
DA:4,0
DA:7,0
DA:9,0
DA:15,0
DA:21,0
DA:24,0
DA:25,0
DA:27,0
DA:30,0
DA:31,0
DA:40,0
DA:43,0
DA:44,0
DA:47,0
DA:48,0
DA:51,0
DA:56,0
LF:19
LH:0
BRDA:43,0,0,0
BRDA:43,1,0,0
BRDA:43,1,1,0
BRDA:47,2,0,0
BRDA:47,3,0,0
BRDA:47,3,1,0
BRF:6
BRH:0
end_of_record
TN:
SF:utils\supabase\server.ts
FN:4,(anonymous_1)
FN:12,(anonymous_2)
FN:15,(anonymous_3)
FN:17,(anonymous_4)
FNF:4
FNH:0
FNDA:0,(anonymous_1)
FNDA:0,(anonymous_2)
FNDA:0,(anonymous_3)
FNDA:0,(anonymous_4)
DA:1,0
DA:2,0
DA:4,0
DA:5,0
DA:7,0
DA:13,0
DA:16,0
DA:17,0
DA:18,0
LF:9
LH:0
BRF:0
BRH:0
end_of_record
TN:
SF:utils\weather\handleWeather.ts
FN:16,(anonymous_2)
FN:35,(anonymous_3)
FNF:2
FNH:0
FNDA:0,(anonymous_2)
FNDA:0,(anonymous_3)
DA:1,0
DA:16,0
DA:17,0
DA:21,0
DA:22,0
DA:25,0
DA:27,0
DA:28,0
DA:29,0
DA:31,0
DA:35,0
DA:38,0
LF:12
LH:0
BRDA:21,0,0,0
BRDA:35,1,0,0
BRDA:35,1,1,0
BRF:3
BRH:0
end_of_record
