TN:
SF:app\actions.ts
FN:8,(anonymous_6)
FN:59,(anonymous_7)
FN:76,(anonymous_8)
FN:82,(anonymous_9)
FN:99,(anonymous_10)
FN:144,(anonymous_11)
FNF:6
FNH:6
FNDA:3,(anonymous_6)
FNDA:2,(anonymous_7)
FNDA:1,(anonymous_8)
FNDA:3,(anonymous_9)
FNDA:11,(anonymous_10)
FNDA:2,(anonymous_11)
DA:3,1
DA:4,1
DA:5,1
DA:6,1
DA:8,3
DA:9,3
DA:10,3
DA:11,3
DA:12,3
DA:13,3
DA:14,3
DA:16,3
DA:17,1
DA:20,2
DA:21,1
DA:24,1
DA:33,1
DA:34,1
DA:35,1
DA:41,1
DA:42,0
DA:43,0
DA:47,1
DA:48,0
DA:49,0
DA:51,1
DA:59,2
DA:60,2
DA:61,2
DA:62,2
DA:64,2
DA:69,2
DA:70,1
DA:73,1
DA:76,1
DA:77,1
DA:78,1
DA:79,1
DA:82,3
DA:83,3
DA:88,3
DA:90,3
DA:91,1
DA:98,2
DA:99,2
DA:100,11
DA:103,2
DA:105,2
DA:115,2
DA:118,2
DA:120,1
DA:124,1
DA:127,1
DA:130,1
DA:133,2
DA:134,0
DA:137,2
DA:144,2
DA:146,2
DA:149,2
DA:152,2
DA:155,2
DA:156,1
DA:157,1
DA:164,1
LF:65
LH:60
BRDA:16,0,0,1
BRDA:16,1,0,3
BRDA:16,1,1,2
BRDA:16,1,2,2
BRDA:16,1,3,2
BRDA:20,2,0,1
BRDA:34,3,0,1
BRDA:41,4,0,0
BRDA:47,5,0,0
BRDA:47,5,1,1
BRDA:69,6,0,1
BRDA:90,7,0,1
BRDA:90,8,0,3
BRDA:90,8,1,3
BRDA:118,9,0,1
BRDA:118,9,1,1
BRDA:133,10,0,0
BRDA:155,11,0,1
BRF:18
BRH:15
end_of_record
TN:
SF:app\layout.tsx
FN:20,RootLayout
FNF:1
FNH:0
FNDA:0,RootLayout
DA:1,0
DA:2,0
DA:3,0
DA:5,0
DA:9,0
DA:15,0
DA:20,0
LF:7
LH:0
BRDA:5,0,0,0
BRDA:5,0,1,0
BRF:2
BRH:0
end_of_record
TN:
SF:app\page.tsx
FN:3,Home
FNF:1
FNH:0
FNDA:0,Home
DA:1,0
DA:3,0
LF:2
LH:0
BRF:0
BRH:0
end_of_record
TN:
SF:app\(auth-pages)\layout.tsx
FN:1,Layout
FNF:1
FNH:0
FNDA:0,Layout
DA:1,0
LF:1
LH:0
BRF:0
BRH:0
end_of_record
TN:
SF:app\(auth-pages)\sign-in\page.tsx
FN:7,Login
FNF:1
FNH:0
FNDA:0,Login
DA:1,0
DA:2,0
DA:3,0
DA:4,0
DA:5,0
DA:7,0
DA:8,0
LF:7
LH:0
BRF:0
BRH:0
end_of_record
TN:
SF:app\(auth-pages)\sign-up\page.tsx
FN:7,Signup
FN:61,(anonymous_3)
FNF:2
FNH:0
FNDA:0,Signup
FNDA:0,(anonymous_3)
DA:1,0
DA:2,0
DA:3,0
DA:4,0
DA:5,0
DA:7,0
DA:10,0
DA:12,0
DA:39,0
DA:62,0
LF:10
LH:0
BRDA:39,0,0,0
BRF:1
BRH:0
end_of_record
TN:
SF:app\about\page.tsx
FN:3,AboutPage
FNF:1
FNH:0
FNDA:0,AboutPage
DA:1,0
DA:3,0
DA:4,0
LF:3
LH:0
BRF:0
BRH:0
end_of_record
TN:
SF:app\account\page.tsx
FN:6,ProtectedPage
FNF:1
FNH:0
FNDA:0,ProtectedPage
DA:1,0
DA:2,0
DA:3,0
DA:4,0
DA:6,0
DA:7,0
DA:11,0
DA:13,0
DA:14,0
DA:17,0
DA:22,0
DA:24,0
DA:30,0
DA:31,0
DA:44,0
LF:15
LH:0
BRDA:13,0,0,0
BRDA:30,1,0,0
BRDA:64,2,0,0
BRF:3
BRH:0
end_of_record
TN:
SF:app\account\activities\page.tsx
FN:20,ActivitiesPage
FN:60,(anonymous_3)
FN:61,(anonymous_4)
FN:98,(anonymous_5)
FN:190,(anonymous_6)
FN:195,(anonymous_7)
FN:250,(anonymous_8)
FN:303,(anonymous_9)
FN:306,(anonymous_10)
FN:310,(anonymous_11)
FN:314,(anonymous_12)
FN:318,(anonymous_13)
FNF:12
FNH:11
FNDA:12,ActivitiesPage
FNDA:6,(anonymous_3)
FNDA:6,(anonymous_4)
FNDA:0,(anonymous_5)
FNDA:1,(anonymous_6)
FNDA:3,(anonymous_7)
FNDA:5,(anonymous_8)
FNDA:1,(anonymous_9)
FNDA:1,(anonymous_10)
FNDA:1,(anonymous_11)
FNDA:1,(anonymous_12)
FNDA:1,(anonymous_13)
DA:3,1
DA:4,1
DA:5,1
DA:6,1
DA:7,1
DA:8,1
DA:9,1
DA:20,6
DA:21,12
DA:22,12
DA:23,12
DA:24,12
DA:25,12
DA:26,12
DA:27,12
DA:60,12
DA:61,6
DA:62,6
DA:65,6
DA:67,6
DA:68,2
DA:69,2
DA:72,4
DA:79,3
DA:80,0
DA:82,3
DA:85,1
DA:86,1
DA:88,0
DA:91,6
DA:95,6
DA:98,12
DA:99,0
DA:102,0
DA:104,0
DA:105,0
DA:106,0
DA:109,0
DA:123,0
DA:127,0
DA:128,0
DA:131,0
DA:132,0
DA:135,0
DA:136,0
DA:138,0
DA:143,12
DA:151,6
DA:159,5
DA:190,1
DA:196,3
DA:251,5
DA:303,1
DA:306,1
DA:310,1
DA:314,1
DA:318,1
LF:57
LH:41
BRDA:67,0,0,2
BRDA:79,1,0,0
BRDA:79,1,1,3
BRDA:82,2,0,3
BRDA:82,2,1,0
BRDA:85,3,0,1
BRDA:85,3,1,0
BRDA:104,4,0,0
BRDA:127,5,0,0
BRDA:127,5,1,0
BRDA:135,6,0,0
BRDA:135,6,1,0
BRDA:143,7,0,6
BRDA:151,8,0,1
BRDA:159,9,0,2
BRDA:203,10,0,3
BRDA:303,11,0,1
BRDA:306,12,0,1
BRDA:306,12,1,0
BRDA:310,13,0,1
BRDA:310,13,1,0
BRDA:314,14,0,1
BRDA:314,14,1,0
BRDA:318,15,0,1
BRDA:318,15,1,0
BRF:25
BRH:13
end_of_record
TN:
SF:app\auth\callback\route.ts
FN:4,GET
FNF:1
FNH:0
FNDA:0,GET
DA:1,0
DA:2,0
DA:4,0
DA:8,0
DA:9,0
DA:10,0
DA:11,0
DA:13,0
DA:14,0
DA:15,0
DA:18,0
DA:19,0
DA:23,0
LF:13
LH:0
BRDA:13,0,0,0
BRDA:18,1,0,0
BRF:2
BRH:0
end_of_record
TN:
SF:app\data\Members\members.ts
FNF:0
FNH:0
DA:1,0
DA:34,0
LF:2
LH:0
BRF:0
BRH:0
end_of_record
TN:
SF:app\data\weather\weatherIcons.ts
FNF:0
FNH:0
DA:26,1
DA:28,1
DA:219,1
LF:3
LH:3
BRF:0
BRH:0
end_of_record
TN:
SF:app\explore\page.tsx
FN:27,ExplorePage
FN:46,(anonymous_2)
FN:55,(anonymous_3)
FN:60,(anonymous_4)
FN:73,(anonymous_5)
FN:95,(anonymous_6)
FN:97,(anonymous_7)
FN:105,(anonymous_8)
FN:106,(anonymous_9)
FN:109,(anonymous_10)
FN:112,(anonymous_11)
FN:124,(anonymous_12)
FN:130,(anonymous_13)
FN:134,(anonymous_14)
FN:143,(anonymous_15)
FN:154,(anonymous_16)
FN:159,(anonymous_17)
FN:163,(anonymous_18)
FN:169,(anonymous_19)
FN:172,(anonymous_20)
FN:202,(anonymous_21)
FN:211,(anonymous_22)
FN:217,(anonymous_23)
FN:224,(anonymous_24)
FN:225,(anonymous_25)
FN:263,(anonymous_26)
FN:268,(anonymous_27)
FN:286,(anonymous_28)
FN:301,(anonymous_29)
FN:307,(anonymous_30)
FN:311,(anonymous_31)
FN:313,(anonymous_32)
FNF:32
FNH:7
FNDA:4,ExplorePage
FNDA:0,(anonymous_2)
FNDA:0,(anonymous_3)
FNDA:0,(anonymous_4)
FNDA:0,(anonymous_5)
FNDA:0,(anonymous_6)
FNDA:0,(anonymous_7)
FNDA:1,(anonymous_8)
FNDA:0,(anonymous_9)
FNDA:0,(anonymous_10)
FNDA:0,(anonymous_11)
FNDA:0,(anonymous_12)
FNDA:0,(anonymous_13)
FNDA:0,(anonymous_14)
FNDA:0,(anonymous_15)
FNDA:0,(anonymous_16)
FNDA:0,(anonymous_17)
FNDA:0,(anonymous_18)
FNDA:0,(anonymous_19)
FNDA:0,(anonymous_20)
FNDA:0,(anonymous_21)
FNDA:0,(anonymous_22)
FNDA:0,(anonymous_23)
FNDA:4,(anonymous_24)
FNDA:4,(anonymous_25)
FNDA:6,(anonymous_26)
FNDA:0,(anonymous_27)
FNDA:6,(anonymous_28)
FNDA:6,(anonymous_29)
FNDA:0,(anonymous_30)
FNDA:0,(anonymous_31)
FNDA:0,(anonymous_32)
DA:8,1
DA:9,1
DA:11,1
DA:27,4
DA:28,4
DA:29,4
DA:30,4
DA:32,4
DA:34,4
DA:35,4
DA:38,4
DA:39,4
DA:44,4
DA:46,4
DA:47,0
DA:48,0
DA:49,0
DA:55,4
DA:56,0
DA:60,4
DA:61,0
DA:62,0
DA:64,0
DA:74,0
DA:79,0
DA:88,0
DA:95,4
DA:96,0
DA:98,0
DA:105,4
DA:106,1
DA:107,1
DA:109,0
DA:110,0
DA:111,0
DA:112,0
DA:117,0
DA:125,0
DA:126,0
DA:127,0
DA:128,0
DA:130,0
DA:134,0
DA:143,4
DA:144,0
DA:145,0
DA:146,0
DA:147,0
DA:148,0
DA:149,0
DA:154,4
DA:156,0
DA:159,0
DA:160,0
DA:163,0
DA:164,0
DA:169,4
DA:170,0
DA:171,0
DA:173,0
DA:177,0
DA:180,0
DA:181,0
DA:184,0
DA:185,0
DA:187,0
DA:197,0
DA:201,0
DA:203,0
DA:207,0
DA:208,0
DA:209,0
DA:212,0
DA:215,0
DA:218,0
DA:224,4
DA:225,4
DA:226,4
DA:227,0
DA:264,6
DA:268,0
DA:286,6
DA:302,6
DA:307,0
DA:312,0
DA:313,0
LF:86
LH:29
BRDA:50,0,0,0
BRDA:50,0,1,0
BRDA:51,1,0,0
BRDA:51,1,1,0
BRDA:61,2,0,0
BRDA:61,3,0,0
BRDA:61,3,1,0
BRDA:74,4,0,0
BRDA:75,5,0,0
BRDA:75,5,1,0
BRDA:75,5,2,0
BRDA:85,6,0,0
BRDA:85,6,1,0
BRDA:98,7,0,0
BRDA:98,7,1,0
BRDA:106,8,0,1
BRDA:106,9,0,1
BRDA:106,9,1,0
BRDA:125,10,0,0
BRDA:125,11,0,0
BRDA:125,11,1,0
BRDA:147,12,0,0
BRDA:170,13,0,0
BRDA:184,14,0,0
BRDA:184,14,1,0
BRDA:226,15,0,0
BRDA:253,16,0,4
BRDA:270,17,0,2
BRDA:270,17,1,4
BRDA:276,18,0,4
BRDA:290,19,0,4
BRDA:305,20,0,2
BRDA:305,20,1,4
BRF:33
BRH:9
end_of_record
TN:
SF:app\my-trips\page.tsx
FN:16,MyTrips
FN:50,(anonymous_3)
FN:60,(anonymous_4)
FN:88,(anonymous_5)
FNF:4
FNH:4
FNDA:6,MyTrips
FNDA:2,(anonymous_3)
FNDA:1,(anonymous_4)
FNDA:2,(anonymous_5)
DA:1,1
DA:2,1
DA:3,1
DA:4,1
DA:5,1
DA:16,6
DA:17,6
DA:22,6
DA:24,6
DA:25,2
DA:29,4
DA:35,4
DA:47,3
DA:50,2
DA:53,3
DA:54,1
DA:59,3
DA:61,1
DA:62,1
DA:64,1
DA:65,1
DA:89,2
LF:22
LH:22
BRDA:24,0,0,2
BRDA:24,1,0,6
BRDA:24,1,1,5
BRDA:35,2,0,1
BRDA:50,3,0,3
BRDA:50,3,1,0
BRDA:53,4,0,1
BRDA:59,5,0,3
BRDA:59,5,1,1
BRDA:61,6,0,1
BRDA:80,7,0,1
BRDA:78,8,0,3
BRDA:78,8,1,3
BRDA:97,9,0,2
BRDA:97,9,1,1
BRF:15
BRH:14
end_of_record
TN:
SF:app\trip-planner\page.tsx
FN:19,TripPlanner
FN:54,(anonymous_2)
FNF:2
FNH:0
FNDA:0,TripPlanner
FNDA:0,(anonymous_2)
DA:1,0
DA:2,0
DA:3,0
DA:4,0
DA:6,0
DA:19,0
DA:25,0
DA:26,0
DA:29,0
DA:30,0
DA:31,0
DA:37,0
DA:38,0
DA:55,0
LF:14
LH:0
BRDA:29,0,0,0
BRDA:37,1,0,0
BRDA:51,2,0,0
BRDA:51,2,1,0
BRDA:52,3,0,0
BRDA:65,4,0,0
BRDA:65,4,1,0
BRDA:73,5,0,0
BRDA:73,5,1,0
BRDA:77,6,0,0
BRDA:77,6,1,0
BRF:11
BRH:0
end_of_record
TN:
SF:components\AIActivitySuggestions.tsx
FN:17,AIActivitySuggestions
FN:34,(anonymous_3)
FN:40,(anonymous_4)
FN:54,(anonymous_5)
FN:57,(anonymous_6)
FN:72,(anonymous_7)
FN:81,(anonymous_8)
FN:101,(anonymous_9)
FNF:8
FNH:0
FNDA:0,AIActivitySuggestions
FNDA:0,(anonymous_3)
FNDA:0,(anonymous_4)
FNDA:0,(anonymous_5)
FNDA:0,(anonymous_6)
FNDA:0,(anonymous_7)
FNDA:0,(anonymous_8)
FNDA:0,(anonymous_9)
DA:3,0
DA:4,0
DA:5,0
DA:6,0
DA:7,0
DA:8,0
DA:17,0
DA:23,0
DA:24,0
DA:27,0
DA:28,0
DA:30,0
DA:34,0
DA:35,0
DA:36,0
DA:38,0
DA:39,0
DA:40,0
DA:41,0
DA:43,0
DA:44,0
DA:46,0
DA:50,0
DA:51,0
DA:52,0
DA:54,0
DA:56,0
DA:57,0
DA:65,0
DA:72,0
DA:82,0
DA:101,0
LF:32
LH:0
BRDA:31,0,0,0
BRDA:31,0,1,0
BRDA:36,1,0,0
BRDA:75,2,0,0
BRDA:75,2,1,0
BRDA:78,3,0,0
BRDA:85,4,0,0
BRDA:85,4,1,0
BRDA:88,5,0,0
BRDA:88,5,1,0
BRDA:93,6,0,0
BRF:11
BRH:0
end_of_record
TN:
SF:components\about.tsx
FN:5,(anonymous_2)
FN:14,(anonymous_3)
FNF:2
FNH:0
FNDA:0,(anonymous_2)
FNDA:0,(anonymous_3)
DA:2,0
DA:3,0
DA:5,0
DA:15,0
DA:61,0
LF:5
LH:0
BRF:0
BRH:0
end_of_record
TN:
SF:components\form-message.tsx
FN:6,FormMessage
FNF:1
FNH:0
FNDA:0,FormMessage
DA:6,0
LF:1
LH:0
BRDA:9,0,0,0
BRDA:14,1,0,0
BRDA:19,2,0,0
BRF:3
BRH:0
end_of_record
TN:
SF:components\landing.tsx
FN:20,(anonymous_2)
FN:24,(anonymous_3)
FN:28,(anonymous_4)
FN:29,(anonymous_5)
FN:32,(anonymous_6)
FN:34,(anonymous_7)
FN:42,(anonymous_8)
FN:48,(anonymous_9)
FN:63,(anonymous_10)
FNF:9
FNH:5
FNDA:3,(anonymous_2)
FNDA:3,(anonymous_3)
FNDA:3,(anonymous_4)
FNDA:0,(anonymous_5)
FNDA:0,(anonymous_6)
FNDA:0,(anonymous_7)
FNDA:3,(anonymous_8)
FNDA:33,(anonymous_9)
FNDA:0,(anonymous_10)
DA:2,1
DA:3,1
DA:4,1
DA:6,1
DA:20,1
DA:21,3
DA:22,3
DA:24,3
DA:25,3
DA:28,3
DA:29,3
DA:30,0
DA:32,0
DA:33,0
DA:34,0
DA:36,0
DA:40,3
DA:42,3
DA:49,33
DA:64,0
DA:108,3
LF:21
LH:15
BRDA:52,0,0,3
BRDA:52,0,1,30
BRDA:52,1,0,33
BRDA:52,1,1,3
BRF:4
BRH:4
end_of_record
TN:
SF:components\navbar.tsx
FN:6,(anonymous_2)
FNF:1
FNH:1
FNDA:3,(anonymous_2)
DA:1,1
DA:2,1
DA:3,1
DA:4,1
DA:6,1
DA:7,3
DA:11,3
DA:13,3
DA:102,3
LF:9
LH:9
BRDA:13,0,0,1
BRDA:21,1,0,1
BRF:2
BRH:2
end_of_record
TN:
SF:components\submit-button.tsx
FN:11,SubmitButton
FNF:1
FNH:1
FNDA:1,SubmitButton
DA:3,1
DA:5,1
DA:11,1
DA:16,1
LF:4
LH:4
BRDA:13,0,0,0
BRDA:20,1,0,0
BRDA:20,1,1,1
BRF:3
BRH:1
end_of_record
TN:
SF:components\my-trips\trip.tsx
FN:23,addOneDay
FN:33,Trip
FN:72,(anonymous_4)
FNF:3
FNH:3
FNDA:10,addOneDay
FNDA:5,Trip
FNDA:2,(anonymous_4)
DA:1,1
DA:2,1
DA:3,1
DA:24,10
DA:25,10
DA:26,10
DA:33,5
DA:42,5
DA:43,5
DA:73,2
LF:10
LH:10
BRDA:40,0,0,3
BRDA:72,1,0,1
BRF:2
BRH:2
end_of_record
TN:
SF:components\ui\button.tsx
FN:43,(anonymous_6)
FNF:1
FNH:1
FNDA:1,(anonymous_6)
DA:1,1
DA:2,1
DA:3,1
DA:5,1
DA:7,1
DA:42,1
DA:44,1
DA:54,1
DA:56,1
LF:9
LH:9
BRDA:43,0,0,1
BRDA:44,1,0,0
BRDA:44,1,1,1
BRF:3
BRH:2
end_of_record
TN:
SF:components\ui\card.tsx
FNF:0
FNH:0
DA:1,1
DA:7,4
DA:18,1
LF:3
LH:3
BRDA:9,0,0,3
BRF:1
BRH:1
end_of_record
TN:
SF:components\ui\input.tsx
FNF:0
FNH:0
DA:1,1
DA:12,1
DA:14,4
LF:3
LH:3
BRDA:7,0,0,3
BRF:1
BRH:1
end_of_record
TN:
SF:components\ui\label.tsx
FNF:0
FNH:0
DA:3,2
DA:4,2
DA:5,2
DA:7,2
DA:9,2
DA:24,2
DA:26,17
LF:7
LH:7
BRF:0
BRH:0
end_of_record
TN:
SF:utils\utils.ts
FN:10,encodedRedirect
FNF:1
FNH:0
FNDA:0,encodedRedirect
DA:1,0
DA:10,0
DA:15,0
LF:3
LH:0
BRF:0
BRH:0
end_of_record
TN:
SF:utils\supabase\check-env-vars.ts
FNF:0
FNH:0
DA:4,0
DA:5,0
LF:2
LH:0
BRDA:5,0,0,0
BRDA:5,0,1,0
BRF:2
BRH:0
end_of_record
TN:
SF:utils\supabase\client.ts
FN:3,(anonymous_1)
FNF:1
FNH:0
FNDA:0,(anonymous_1)
DA:1,0
DA:3,0
DA:4,0
LF:3
LH:0
BRF:0
BRH:0
end_of_record
TN:
SF:utils\supabase\middleware.ts
FN:4,(anonymous_1)
FN:20,(anonymous_2)
FN:23,(anonymous_3)
FN:24,(anonymous_4)
FN:30,(anonymous_5)
FNF:5
FNH:0
FNDA:0,(anonymous_1)
FNDA:0,(anonymous_2)
FNDA:0,(anonymous_3)
FNDA:0,(anonymous_4)
FNDA:0,(anonymous_5)
DA:1,0
DA:2,0
DA:4,0
DA:7,0
DA:9,0
DA:15,0
DA:21,0
DA:24,0
DA:25,0
DA:27,0
DA:30,0
DA:31,0
DA:40,0
DA:43,0
DA:44,0
DA:47,0
DA:48,0
DA:51,0
DA:56,0
LF:19
LH:0
BRDA:43,0,0,0
BRDA:43,1,0,0
BRDA:43,1,1,0
BRDA:47,2,0,0
BRDA:47,3,0,0
BRDA:47,3,1,0
BRF:6
BRH:0
end_of_record
TN:
SF:utils\supabase\server.ts
FN:4,(anonymous_1)
FN:12,(anonymous_2)
FN:15,(anonymous_3)
FN:17,(anonymous_4)
FNF:4
FNH:0
FNDA:0,(anonymous_1)
FNDA:0,(anonymous_2)
FNDA:0,(anonymous_3)
FNDA:0,(anonymous_4)
DA:1,0
DA:2,0
DA:4,0
DA:5,0
DA:7,0
DA:13,0
DA:16,0
DA:17,0
DA:18,0
LF:9
LH:0
BRF:0
BRH:0
end_of_record
TN:
SF:utils\weather\handleWeather.ts
FN:16,(anonymous_2)
FN:35,(anonymous_3)
FNF:2
FNH:1
FNDA:2,(anonymous_2)
FNDA:0,(anonymous_3)
DA:1,1
DA:16,2
DA:17,2
DA:21,2
DA:22,1
DA:25,1
DA:27,1
DA:28,1
DA:29,1
DA:31,1
DA:35,0
DA:38,1
LF:12
LH:11
BRDA:21,0,0,1
BRDA:35,1,0,1
BRDA:35,1,1,0
BRF:3
BRH:2
end_of_record
